<?xml version="1.0" encoding="UTF-8"?>
<robot generator="Robot 7.0 (Python 3.11.7 on darwin)" generated="2024-02-18T18:30:23.046740" rpa="false" schemaversion="5">
<suite id="s1" name="Test Plus" source="/Users/hon/Workspace/3D/Softdevinpractice/20Feb/test_plus.robot">
<test id="s1-t1" name="Test Calculate Numbers 6 and 5 (ฺBefore Using Keywords)" line="6">
<kw name="GET" owner="RequestsLibrary">
<msg time="2024-02-18T18:30:23.121689" level="INFO">GET Request : url=http://127.0.0.1:8000/plus/6/5 
 path_url=/plus/6/5 
 headers={'User-Agent': 'python-requests/2.31.0', 'Accept-Encoding': 'gzip, deflate', 'Accept': '*/*', 'Connection': 'keep-alive'} 
 body=None 
 </msg>
<msg time="2024-02-18T18:30:23.121776" level="INFO">GET Response : url=http://127.0.0.1:8000/plus/6/5 
 status=200, reason=OK 
 headers={'date': 'Sun, 18 Feb 2024 11:30:22 GMT', 'server': 'uvicorn', 'content-length': '13', 'content-type': 'application/json'} 
 body={"result":11} 
 </msg>
<msg time="2024-02-18T18:30:23.121879" level="INFO">${resp} = &lt;Response [200]&gt;</msg>
<var>${resp}</var>
<arg>http://127.0.0.1:8000/plus/6/5</arg>
<doc>Sends a GET request.</doc>
<status status="PASS" start="2024-02-18T18:30:23.114076" elapsed="0.007861"/>
</kw>
<kw name="Should Be Equal" owner="BuiltIn">
<arg>${resp.status_code}</arg>
<arg>${200}</arg>
<doc>Fails if the given objects are unequal.</doc>
<status status="PASS" start="2024-02-18T18:30:23.122209" elapsed="0.000783"/>
</kw>
<kw name="Set Variable" owner="BuiltIn">
<msg time="2024-02-18T18:30:23.123447" level="INFO">${json_resp} = {'result': 11}</msg>
<var>${json_resp}</var>
<arg>${resp.json()}</arg>
<doc>Returns the given values which can then be assigned to a variables.</doc>
<status status="PASS" start="2024-02-18T18:30:23.123122" elapsed="0.000342"/>
</kw>
<kw name="Should Be Equal" owner="BuiltIn">
<arg>${json_resp['result']}</arg>
<arg>${11}</arg>
<doc>Fails if the given objects are unequal.</doc>
<status status="PASS" start="2024-02-18T18:30:23.123562" elapsed="0.000479"/>
</kw>
<status status="PASS" start="2024-02-18T18:30:23.113615" elapsed="0.010530"/>
</test>
<test id="s1-t2" name="Test Calculate Numbers 8 and 8 (ฺBefore Using Keywords)" line="19">
<kw name="GET" owner="RequestsLibrary">
<msg time="2024-02-18T18:30:23.127555" level="INFO">GET Request : url=http://127.0.0.1:8000/plus/8/8 
 path_url=/plus/8/8 
 headers={'User-Agent': 'python-requests/2.31.0', 'Accept-Encoding': 'gzip, deflate', 'Accept': '*/*', 'Connection': 'keep-alive'} 
 body=None 
 </msg>
<msg time="2024-02-18T18:30:23.127602" level="INFO">GET Response : url=http://127.0.0.1:8000/plus/8/8 
 status=200, reason=OK 
 headers={'date': 'Sun, 18 Feb 2024 11:30:23 GMT', 'server': 'uvicorn', 'content-length': '13', 'content-type': 'application/json'} 
 body={"result":16} 
 </msg>
<msg time="2024-02-18T18:30:23.127677" level="INFO">${resp} = &lt;Response [200]&gt;</msg>
<var>${resp}</var>
<arg>http://127.0.0.1:8000/plus/8/8</arg>
<doc>Sends a GET request.</doc>
<status status="PASS" start="2024-02-18T18:30:23.125046" elapsed="0.002647"/>
</kw>
<kw name="Should Be Equal" owner="BuiltIn">
<arg>${resp.status_code}</arg>
<arg>${200}</arg>
<doc>Fails if the given objects are unequal.</doc>
<status status="PASS" start="2024-02-18T18:30:23.127826" elapsed="0.000499"/>
</kw>
<kw name="Set Variable" owner="BuiltIn">
<msg time="2024-02-18T18:30:23.128728" level="INFO">${json_resp} = {'result': 16}</msg>
<var>${json_resp}</var>
<arg>${resp.json()}</arg>
<doc>Returns the given values which can then be assigned to a variables.</doc>
<status status="PASS" start="2024-02-18T18:30:23.128424" elapsed="0.000320"/>
</kw>
<kw name="Should Be Equal" owner="BuiltIn">
<arg>${json_resp['result']}</arg>
<arg>${16}</arg>
<doc>Fails if the given objects are unequal.</doc>
<status status="PASS" start="2024-02-18T18:30:23.128845" elapsed="0.000397"/>
</kw>
<status status="PASS" start="2024-02-18T18:30:23.124283" elapsed="0.005049"/>
</test>
<status status="PASS" start="2024-02-18T18:30:23.047655" elapsed="0.081909"/>
</suite>
<statistics>
<total>
<stat pass="2" fail="0" skip="0">All Tests</stat>
</total>
<tag>
</tag>
<suite>
<stat pass="2" fail="0" skip="0" id="s1" name="Test Plus">Test Plus</stat>
</suite>
</statistics>
<errors>
</errors>
</robot>
